{
  "stats": {
    "suites": 1,
    "tests": 6,
    "passes": 6,
    "pending": 0,
    "failures": 0,
    "start": "2024-09-14T00:49:52.028Z",
    "end": "2024-09-14T00:50:09.433Z",
    "duration": 17405,
    "testsRegistered": 6,
    "passPercent": 100,
    "pendingPercent": 0,
    "other": 0,
    "hasOther": false,
    "skipped": 0,
    "hasSkipped": false
  },
  "results": [
    {
      "uuid": "57685063-4a01-4692-b61c-32054860681a",
      "title": "",
      "fullFile": "cypress\\e2e\\cadastro-massa.cy.js",
      "file": "cypress\\e2e\\cadastro-massa.cy.js",
      "beforeHooks": [],
      "afterHooks": [],
      "tests": [],
      "suites": [
        {
          "uuid": "90c2097c-4e16-4689-9ef6-3108cf5e685e",
          "title": "Pagina de Cadastro",
          "fullFile": "",
          "file": "",
          "beforeHooks": [],
          "afterHooks": [],
          "tests": [
            {
              "title": "Deve preencher os campos do formulário corretamente para cadastrar um novo usuário",
              "fullTitle": "Pagina de Cadastro Deve preencher os campos do formulário corretamente para cadastrar um novo usuário",
              "timedOut": null,
              "duration": 2960,
              "state": "passed",
              "speed": "fast",
              "pass": true,
              "fail": false,
              "pending": false,
              "context": null,
              "code": "cy.get('[data-test=\"input-name\"]').clear().type(usuario.name);\ncy.get('[data-test=\"input-email\"]').clear().type(usuario.email);\ncy.get('[data-test=\"input-password\"]').clear().type(usuario.password);\ncy.get('[data-test=\"input-confirm-password\"]').clear().type(usuario.password);\ncy.get('[data-test=\"submit-button\"]').click();",
              "err": {},
              "uuid": "78fbfc12-2273-41a2-acf6-18dbb7585801",
              "parentUUID": "90c2097c-4e16-4689-9ef6-3108cf5e685e",
              "isHook": false,
              "skipped": false
            },
            {
              "title": "Deve preencher os campos do formulário corretamente para cadastrar um novo usuário",
              "fullTitle": "Pagina de Cadastro Deve preencher os campos do formulário corretamente para cadastrar um novo usuário",
              "timedOut": null,
              "duration": 2484,
              "state": "passed",
              "speed": "fast",
              "pass": true,
              "fail": false,
              "pending": false,
              "context": null,
              "code": "cy.get('[data-test=\"input-name\"]').clear().type(usuario.name);\ncy.get('[data-test=\"input-email\"]').clear().type(usuario.email);\ncy.get('[data-test=\"input-password\"]').clear().type(usuario.password);\ncy.get('[data-test=\"input-confirm-password\"]').clear().type(usuario.password);\ncy.get('[data-test=\"submit-button\"]').click();",
              "err": {},
              "uuid": "0fc6f98b-3000-4eac-ad05-b411be3f784f",
              "parentUUID": "90c2097c-4e16-4689-9ef6-3108cf5e685e",
              "isHook": false,
              "skipped": false
            },
            {
              "title": "Deve preencher os campos do formulário corretamente para cadastrar um novo usuário",
              "fullTitle": "Pagina de Cadastro Deve preencher os campos do formulário corretamente para cadastrar um novo usuário",
              "timedOut": null,
              "duration": 2838,
              "state": "passed",
              "speed": "fast",
              "pass": true,
              "fail": false,
              "pending": false,
              "context": null,
              "code": "cy.get('[data-test=\"input-name\"]').clear().type(usuario.name);\ncy.get('[data-test=\"input-email\"]').clear().type(usuario.email);\ncy.get('[data-test=\"input-password\"]').clear().type(usuario.password);\ncy.get('[data-test=\"input-confirm-password\"]').clear().type(usuario.password);\ncy.get('[data-test=\"submit-button\"]').click();",
              "err": {},
              "uuid": "e46a4a89-f590-4c79-bedb-a49aeaabb779",
              "parentUUID": "90c2097c-4e16-4689-9ef6-3108cf5e685e",
              "isHook": false,
              "skipped": false
            },
            {
              "title": "Deve preencher os campos do formulário corretamente para cadastrar um novo usuário",
              "fullTitle": "Pagina de Cadastro Deve preencher os campos do formulário corretamente para cadastrar um novo usuário",
              "timedOut": null,
              "duration": 2675,
              "state": "passed",
              "speed": "fast",
              "pass": true,
              "fail": false,
              "pending": false,
              "context": null,
              "code": "cy.get('[data-test=\"input-name\"]').clear().type(usuario.name);\ncy.get('[data-test=\"input-email\"]').clear().type(usuario.email);\ncy.get('[data-test=\"input-password\"]').clear().type(usuario.password);\ncy.get('[data-test=\"input-confirm-password\"]').clear().type(usuario.password);\ncy.get('[data-test=\"submit-button\"]').click();",
              "err": {},
              "uuid": "5b235ebe-c8f5-4b61-bb5f-cd5e5d008b1a",
              "parentUUID": "90c2097c-4e16-4689-9ef6-3108cf5e685e",
              "isHook": false,
              "skipped": false
            },
            {
              "title": "Deve preencher os campos do formulário corretamente para cadastrar um novo usuário",
              "fullTitle": "Pagina de Cadastro Deve preencher os campos do formulário corretamente para cadastrar um novo usuário",
              "timedOut": null,
              "duration": 2630,
              "state": "passed",
              "speed": "fast",
              "pass": true,
              "fail": false,
              "pending": false,
              "context": null,
              "code": "cy.get('[data-test=\"input-name\"]').clear().type(usuario.name);\ncy.get('[data-test=\"input-email\"]').clear().type(usuario.email);\ncy.get('[data-test=\"input-password\"]').clear().type(usuario.password);\ncy.get('[data-test=\"input-confirm-password\"]').clear().type(usuario.password);\ncy.get('[data-test=\"submit-button\"]').click();",
              "err": {},
              "uuid": "757cd3b8-4699-4e77-8e3a-666fdf16c00d",
              "parentUUID": "90c2097c-4e16-4689-9ef6-3108cf5e685e",
              "isHook": false,
              "skipped": false
            },
            {
              "title": "Deve preencher os campos do formulário corretamente para cadastrar um novo usuário",
              "fullTitle": "Pagina de Cadastro Deve preencher os campos do formulário corretamente para cadastrar um novo usuário",
              "timedOut": null,
              "duration": 2442,
              "state": "passed",
              "speed": "fast",
              "pass": true,
              "fail": false,
              "pending": false,
              "context": null,
              "code": "cy.get('[data-test=\"input-name\"]').clear().type(usuario.name);\ncy.get('[data-test=\"input-email\"]').clear().type(usuario.email);\ncy.get('[data-test=\"input-password\"]').clear().type(usuario.password);\ncy.get('[data-test=\"input-confirm-password\"]').clear().type(usuario.password);\ncy.get('[data-test=\"submit-button\"]').click();",
              "err": {},
              "uuid": "63531fd5-f51d-4ad4-b81c-ac0cbab05d04",
              "parentUUID": "90c2097c-4e16-4689-9ef6-3108cf5e685e",
              "isHook": false,
              "skipped": false
            }
          ],
          "suites": [],
          "passes": [
            "78fbfc12-2273-41a2-acf6-18dbb7585801",
            "0fc6f98b-3000-4eac-ad05-b411be3f784f",
            "e46a4a89-f590-4c79-bedb-a49aeaabb779",
            "5b235ebe-c8f5-4b61-bb5f-cd5e5d008b1a",
            "757cd3b8-4699-4e77-8e3a-666fdf16c00d",
            "63531fd5-f51d-4ad4-b81c-ac0cbab05d04"
          ],
          "failures": [],
          "pending": [],
          "skipped": [],
          "duration": 16029,
          "root": false,
          "rootEmpty": false,
          "_timeout": 2000
        }
      ],
      "passes": [],
      "failures": [],
      "pending": [],
      "skipped": [],
      "duration": 0,
      "root": true,
      "rootEmpty": true,
      "_timeout": 2000
    }
  ],
  "meta": {
    "mocha": {
      "version": "7.0.1"
    },
    "mochawesome": {
      "options": {
        "quiet": false,
        "reportFilename": "mochawesome",
        "saveHtml": true,
        "saveJson": true,
        "consoleReporter": "spec",
        "useInlineDiffs": false,
        "code": true
      },
      "version": "7.1.3"
    },
    "marge": {
      "options": {
        "reportDir": "cypress/results",
        "overwrite": false,
        "html": true,
        "json": true,
        "timestamp": "mmddyyyy_HHMMss"
      },
      "version": "6.2.0"
    }
  }
}